Flutter crash report; please file at https://github.com/flutter/flutter/issues.

## command

flutter doctor

## exception

HttpException: HttpException: , uri = https://storage.googleapis.com/flutter_infra/flutter/5c8147450db52b81232c138b9f9a65a8f9c61862/flutter_patched_sdk.zip

```
#0      _attempt (package:flutter_tools/src/base/net.dart:63:39)
<asynchronous suspension>
#1      fetchUrl (package:flutter_tools/src/base/net.dart:22:36)
<asynchronous suspension>
#2      _downloadFile (package:flutter_tools/src/cache.dart:618:37)
<asynchronous suspension>
#3      CachedArtifact._downloadArchive.<anonymous closure> (package:flutter_tools/src/cache.dart:304:17)
<asynchronous suspension>
#4      CachedArtifact._withDownloadFile (package:flutter_tools/src/cache.dart:333:26)
<asynchronous suspension>
#5      CachedArtifact._downloadArchive (package:flutter_tools/src/cache.dart:300:12)
#6      CachedArtifact._downloadZipArchive (package:flutter_tools/src/cache.dart:320:12)
#7      FlutterEngine.updateInner (package:flutter_tools/src/cache.dart:500:13)
<asynchronous suspension>
#8      CachedArtifact.update (package:flutter_tools/src/cache.dart:263:11)
<asynchronous suspension>
#9      Cache.updateAll (package:flutter_tools/src/cache.dart:219:26)
<asynchronous suspension>
#10     FlutterCommand.verifyThenRunCommand (package:flutter_tools/src/runner/flutter_command.dart:384:19)
<asynchronous suspension>
#11     FlutterCommand.run.<anonymous closure> (package:flutter_tools/src/runner/flutter_command.dart:335:33)
<asynchronous suspension>
#12     AppContext.run.<anonymous closure> (package:flutter_tools/src/base/context.dart:142:29)
<asynchronous suspension>
#13     _rootRun (dart:async/zone.dart:1124:13)
#14     _CustomZone.run (dart:async/zone.dart:1021:19)
#15     _runZoned (dart:async/zone.dart:1516:10)
#16     runZoned (dart:async/zone.dart:1463:12)
#17     AppContext.run (package:flutter_tools/src/base/context.dart:141:18)
<asynchronous suspension>
#18     FlutterCommand.run (package:flutter_tools/src/runner/flutter_command.dart:326:20)
#19     CommandRunner.runCommand (package:args/command_runner.dart:196:27)
<asynchronous suspension>
#20     FlutterCommandRunner.runCommand.<anonymous closure> (package:flutter_tools/src/runner/flutter_command_runner.dart:401:21)
<asynchronous suspension>
#21     AppContext.run.<anonymous closure> (package:flutter_tools/src/base/context.dart:142:29)
<asynchronous suspension>
#22     _rootRun (dart:async/zone.dart:1124:13)
#23     _CustomZone.run (dart:async/zone.dart:1021:19)
#24     _runZoned (dart:async/zone.dart:1516:10)
#25     runZoned (dart:async/zone.dart:1463:12)
#26     AppContext.run (package:flutter_tools/src/base/context.dart:141:18)
<asynchronous suspension>
#27     FlutterCommandRunner.runCommand (package:flutter_tools/src/runner/flutter_command_runner.dart:361:19)
<asynchronous suspension>
#28     CommandRunner.run.<anonymous closure> (package:args/command_runner.dart:111:29)
#29     new Future.sync (dart:async/future.dart:224:31)
#30     CommandRunner.run (package:args/command_runner.dart:111:11)
#31     FlutterCommandRunner.run (package:flutter_tools/src/runner/flutter_command_runner.dart:241:18)
#32     run.<anonymous closure> (package:flutter_tools/runner.dart:60:20)
<asynchronous suspension>
#33     AppContext.run.<anonymous closure> (package:flutter_tools/src/base/context.dart:142:29)
<asynchronous suspension>
#34     _rootRun (dart:async/zone.dart:1124:13)
#35     _CustomZone.run (dart:async/zone.dart:1021:19)
#36     _runZoned (dart:async/zone.dart:1516:10)
#37     runZoned (dart:async/zone.dart:1463:12)
#38     AppContext.run (package:flutter_tools/src/base/context.dart:141:18)
<asynchronous suspension>
#39     runInContext (package:flutter_tools/src/context_runner.dart:43:24)
<asynchronous suspension>
#40     run (package:flutter_tools/runner.dart:51:10)
#41     main (package:flutter_tools/executable.dart:51:9)
<asynchronous suspension>
#42     main (file:///D:/Programs/flutter/packages/flutter_tools/bin/flutter_tools.dart:8:3)
#43     _startIsolate.<anonymous closure> (dart:isolate/runtime/libisolate_patch.dart:287:32)
#44     _RawReceivePortImpl._handleMessage (dart:isolate/runtime/libisolate_patch.dart:171:12)
```

## flutter doctor

```
[33m[!][39m Flutter (Channel beta, v0.11.9, on Microsoft Windows [Version 10.0.17134.407], locale zh-CN)
    [32m•[39m Flutter version 0.11.9 at D:\Programs\flutter
    [32m•[39m Framework revision d48e6e433c (5 days ago), 2018-11-20 22:05:23 -0500
    [32m•[39m Engine revision 5c8147450d
    [32m•[39m Dart version 2.1.0 (build 2.1.0-dev.5.0 a2eb050044)
    [31m✗[39m Downloaded executables cannot execute on host.
      See https://github.com/flutter/flutter/issues/6207 for more information


[32m[✓][39m Android toolchain - develop for Android devices (Android SDK 26.0.2)
    [32m•[39m Android SDK at D:\Programs\Android\sdk
    [32m•[39m Android NDK location not configured (optional; useful for native profiling support)
    [32m•[39m Platform android-27, build-tools 26.0.2
    [32m•[39m Java binary at: D:\Program Files\Android\Android Studio\jre\bin\java
    [32m•[39m Java version OpenJDK Runtime Environment (build 1.8.0_152-release-1136-b06)
    [32m•[39m All Android licenses accepted.

[32m[✓][39m Android Studio (version 3.2)
    [32m•[39m Android Studio at D:\Program Files\Android\Android Studio
    [32m•[39m Flutter plugin version 29.1.1
    [32m•[39m Dart plugin version 181.5656
    [32m•[39m Java version OpenJDK Runtime Environment (build 1.8.0_152-release-1136-b06)

[33m[!][39m IntelliJ IDEA Community Edition (version 2018.2)
    [32m•[39m IntelliJ at C:\Program Files\JetBrains\IntelliJ IDEA Community Edition
    [31m✗[39m Flutter plugin not installed; this adds Flutter specific functionality.
    [31m✗[39m Dart plugin not installed; this adds Dart specific functionality.
    [32m•[39m For information about installing plugins, see
      https://flutter.io/intellij-setup/#installing-the-plugins

[33m[!][39m Connected device
    [33m![39m No devices available

[33m![39m Doctor found issues in 3 categories.
```
